{"message":"[mb:2525] mountebank v2.1.0 now taking orders - point your browser to http://localhost:2525/ for help","level":"info","timestamp":"2019-07-03T16:16:43.861Z"}
{"message":"[mb:2525] Running with --allowInjection set. See http://localhost:2525/docs/security for security info","level":"warn","timestamp":"2019-07-03T16:16:43.862Z"}
{"message":"[mb:2525] PUT /imposters","level":"info","timestamp":"2019-07-03T16:16:43.890Z"}
{"message":"[http:9000] Open for business...","level":"info","timestamp":"2019-07-03T16:16:43.914Z"}
{"message":"[http:9000] ::1:50208 => GET /api/exam/1","level":"info","timestamp":"2019-07-03T16:19:02.471Z"}
{"message":"[http:9000] ::1:50209 => GET /api/exam/history/id","level":"info","timestamp":"2019-07-03T16:19:02.495Z"}
{"message":"[http:9000] ::1:50210 => GET /api/exam/list_exam","level":"info","timestamp":"2019-07-03T16:19:02.508Z"}
{"message":"[http:9000] ::1:50211 => GET /api/exam/exam_most","level":"info","timestamp":"2019-07-03T16:19:02.517Z"}
{"message":"[http:9000] ::1:50212 => GET /api/exam/last_exam/id","level":"info","timestamp":"2019-07-03T16:19:02.530Z"}
{"message":"[http:9000] ::1:50233 => GET /api/exam/1","level":"info","timestamp":"2019-07-03T16:23:57.849Z"}
{"message":"[http:9000] ::1:50234 => GET /api/exam/history/1","level":"info","timestamp":"2019-07-03T16:23:57.866Z"}
{"message":"[http:9000] ::1:50235 => GET /api/exam/list_exam","level":"info","timestamp":"2019-07-03T16:23:57.876Z"}
{"message":"[http:9000] ::1:50236 => GET /api/exam/exam_most","level":"info","timestamp":"2019-07-03T16:23:57.887Z"}
{"message":"[http:9000] ::1:50237 => GET /api/exam/last_exam/id","level":"info","timestamp":"2019-07-03T16:23:57.901Z"}
{"message":"[http:9000] ::1:50242 => GET /api/exam/1","level":"info","timestamp":"2019-07-03T16:25:02.430Z"}
{"message":"[http:9000] ::1:50243 => GET /api/exam/history/1","level":"info","timestamp":"2019-07-03T16:25:02.447Z"}
{"message":"[http:9000] ::1:50244 => GET /api/exam/list_exam","level":"info","timestamp":"2019-07-03T16:25:02.456Z"}
{"message":"[http:9000] ::1:50245 => GET /api/exam/exam_most","level":"info","timestamp":"2019-07-03T16:25:02.465Z"}
{"message":"[http:9000] ::1:50246 => GET /api/exam/last_exam/id","level":"info","timestamp":"2019-07-03T16:25:02.480Z"}
{"message":"[http:9000] ::1:50250 => GET /api/exam/1","level":"info","timestamp":"2019-07-03T16:26:17.254Z"}
{"message":"[http:9000] ::1:50251 => GET /api/exam/history/1","level":"info","timestamp":"2019-07-03T16:26:17.271Z"}
{"message":"[http:9000] ::1:50252 => GET /api/exam/list_exam","level":"info","timestamp":"2019-07-03T16:26:17.283Z"}
{"message":"[http:9000] ::1:50253 => GET /api/exam/exam_most","level":"info","timestamp":"2019-07-03T16:26:17.291Z"}
{"message":"[http:9000] ::1:50254 => GET /api/exam/last_exam/id","level":"info","timestamp":"2019-07-03T16:26:17.307Z"}
{"message":"[http:9000] ::1:50296 => GET /api/exam/1","level":"info","timestamp":"2019-07-03T16:37:13.898Z"}
{"message":"[http:9000] ::1:50297 => GET /api/exam/history/1","level":"info","timestamp":"2019-07-03T16:37:13.915Z"}
{"message":"[http:9000] ::1:50298 => GET /api/exam/list_exam","level":"info","timestamp":"2019-07-03T16:37:13.928Z"}
{"message":"[http:9000] ::1:50299 => GET /api/exam/exam_most","level":"info","timestamp":"2019-07-03T16:37:13.937Z"}
{"message":"[http:9000] ::1:50300 => GET /api/exam/last_exam/1","level":"info","timestamp":"2019-07-03T16:37:13.950Z"}
{"message":"[http:9000] ::1:50317 => GET /api/exam/1","level":"info","timestamp":"2019-07-03T16:43:13.270Z"}
{"message":"[http:9000] ::1:50318 => GET /api/exam/history/1","level":"info","timestamp":"2019-07-03T16:43:13.287Z"}
{"message":"[http:9000] ::1:50319 => GET /api/exam/list_exam","level":"info","timestamp":"2019-07-03T16:43:13.300Z"}
{"message":"[http:9000] ::1:50320 => GET /api/exam/exam_most","level":"info","timestamp":"2019-07-03T16:43:13.310Z"}
{"message":"[http:9000] ::1:50321 => GET /api/exam/last_exam/1","level":"info","timestamp":"2019-07-03T16:43:13.324Z"}
